# JRE version: OpenJDK Runtime Environment (20.0.1+9) (build 20.0.1+9-29)
# Java VM: OpenJDK 64-Bit Server VM (20.0.1+9-29, mixed mode, emulated-client, sharing, tiered, compressed oops, compressed class ptrs, g1 gc, windows-amd64)
GC Precious Log:
 CardTable entry size: 512
 Card Set container configuration: InlinePtr #cards 5 size 8 Array Of Cards #cards 12 size 40 Howl #buckets 4 coarsen threshold 1843 Howl Bitmap #cards 512 size 80 coarsen threshold 460 Card regions per heap region 1 cards per card region 2048
 CPUs: 4 total, 4 available
 Memory: 7926M
 Large Page Support: Disabled
 NUMA Support: Disabled
 Compressed Oops: Enabled (32-bit)
 Heap Region Size: 1M
 Heap Min Capacity: 8M
 Heap Initial Capacity: 124M
 Heap Max Capacity: 1982M
 Pre-touch: Disabled
 Parallel Workers: 4
 Concurrent Workers: 1
 Concurrent Refinement Workers: 4
 Periodic GC: Disabled
Heap:
 garbage-first heap   total 66560K, used 31697K [0x0000000084200000, 0x0000000100000000)
  region size 1024K, 3 young (3072K), 3 survivors (3072K)
 Metaspace       used 66869K, committed 67648K, reserved 1114112K
  class space    used 9372K, committed 9728K, reserved 1048576K
GC Heap History (20 events):
Event: 1.384 GC heap after
{Heap after GC invocations=3 (full 0):
 garbage-first heap   total 126976K, used 9680K [0x0000000084200000, 0x0000000100000000)
  region size 1024K, 4 young (4096K), 4 survivors (4096K)
 Metaspace       used 14051K, committed 14336K, reserved 1114112K
  class space    used 1803K, committed 1920K, reserved 1048576K
}
Event: 2.021 GC heap before
{Heap before GC invocations=3 (full 0):
 garbage-first heap   total 126976K, used 54736K [0x0000000084200000, 0x0000000100000000)
  region size 1024K, 50 young (51200K), 4 survivors (4096K)
 Metaspace       used 20901K, committed 21312K, reserved 1114112K
  class space    used 2751K, committed 2944K, reserved 1048576K
}
Event: 2.036 GC heap after
{Heap after GC invocations=4 (full 0):
 garbage-first heap   total 126976K, used 14078K [0x0000000084200000, 0x0000000100000000)
  region size 1024K, 8 young (8192K), 8 survivors (8192K)
 Metaspace       used 20901K, committed 21312K, reserved 1114112K
  class space    used 2751K, committed 2944K, reserved 1048576K
}
Event: 2.446 GC heap before
{Heap before GC invocations=5 (full 0):
 garbage-first heap   total 55296K, used 38654K [0x0000000084200000, 0x0000000100000000)
  region size 1024K, 32 young (32768K), 8 survivors (8192K)
 Metaspace       used 23803K, committed 24256K, reserved 1114112K
  class space    used 3190K, committed 3392K, reserved 1048576K
}
Event: 2.461 GC heap after
{Heap after GC invocations=6 (full 0):
 garbage-first heap   total 55296K, used 15531K [0x0000000084200000, 0x0000000100000000)
  region size 1024K, 2 young (2048K), 2 survivors (2048K)
 Metaspace       used 23803K, committed 24256K, reserved 1114112K
  class space    used 3190K, committed 3392K, reserved 1048576K
}
Event: 3.051 GC heap before
{Heap before GC invocations=6 (full 0):
 garbage-first heap   total 55296K, used 43179K [0x0000000084200000, 0x0000000100000000)
  region size 1024K, 29 young (29696K), 2 survivors (2048K)
 Metaspace       used 28250K, committed 28800K, reserved 1114112K
  class space    used 3856K, committed 4096K, reserved 1048576K
}
Event: 3.062 GC heap after
{Heap after GC invocations=7 (full 0):
 garbage-first heap   total 55296K, used 18166K [0x0000000084200000, 0x0000000100000000)
  region size 1024K, 4 young (4096K), 4 survivors (4096K)
 Metaspace       used 28250K, committed 28800K, reserved 1114112K
  class space    used 3856K, committed 4096K, reserved 1048576K
}
Event: 3.443 GC heap before
{Heap before GC invocations=7 (full 0):
 garbage-first heap   total 55296K, used 43766K [0x0000000084200000, 0x0000000100000000)
  region size 1024K, 30 young (30720K), 4 survivors (4096K)
 Metaspace       used 32495K, committed 33088K, reserved 1114112K
  class space    used 4428K, committed 4672K, reserved 1048576K
}
Event: 3.455 GC heap after
{Heap after GC invocations=8 (full 0):
 garbage-first heap   total 66560K, used 20187K [0x0000000084200000, 0x0000000100000000)
  region size 1024K, 2 young (2048K), 2 survivors (2048K)
 Metaspace       used 32495K, committed 33088K, reserved 1114112K
  class space    used 4428K, committed 4672K, reserved 1048576K
}
Event: 3.619 GC heap before
{Heap before GC invocations=8 (full 0):
 garbage-first heap   total 66560K, used 28379K [0x0000000084200000, 0x0000000100000000)
  region size 1024K, 11 young (11264K), 2 survivors (2048K)
 Metaspace       used 34884K, committed 35520K, reserved 1114112K
  class space    used 4790K, committed 5120K, reserved 1048576K
}
Event: 3.625 GC heap after
{Heap after GC invocations=9 (full 0):
 garbage-first heap   total 66560K, used 20433K [0x0000000084200000, 0x0000000100000000)
  region size 1024K, 2 young (2048K), 2 survivors (2048K)
 Metaspace       used 34884K, committed 35520K, reserved 1114112K
  class space    used 4790K, committed 5120K, reserved 1048576K
}
Event: 4.564 GC heap before
{Heap before GC invocations=10 (full 0):
 garbage-first heap   total 66560K, used 57297K [0x0000000084200000, 0x0000000100000000)
  region size 1024K, 38 young (38912K), 2 survivors (2048K)
 Metaspace       used 47336K, committed 47936K, reserved 1114112K
  class space    used 6453K, committed 6720K, reserved 1048576K
}
Event: 4.571 GC heap after
{Heap after GC invocations=11 (full 0):
 garbage-first heap   total 66560K, used 23505K [0x0000000084200000, 0x0000000100000000)
  region size 1024K, 5 young (5120K), 5 survivors (5120K)
 Metaspace       used 47336K, committed 47936K, reserved 1114112K
  class space    used 6453K, committed 6720K, reserved 1048576K
}
Event: 5.258 GC heap before
{Heap before GC invocations=11 (full 0):
 garbage-first heap   total 66560K, used 56273K [0x0000000084200000, 0x0000000100000000)
  region size 1024K, 38 young (38912K), 5 survivors (5120K)
 Metaspace       used 55644K, committed 56256K, reserved 1114112K
  class space    used 7718K, committed 7936K, reserved 1048576K
}
Event: 5.270 GC heap after
{Heap after GC invocations=12 (full 0):
 garbage-first heap   total 66560K, used 25190K [0x0000000084200000, 0x0000000100000000)
  region size 1024K, 2 young (2048K), 2 survivors (2048K)
 Metaspace       used 55644K, committed 56256K, reserved 1114112K
  class space    used 7718K, committed 7936K, reserved 1048576K
}
Event: 5.586 GC heap before
{Heap before GC invocations=12 (full 0):
 garbage-first heap   total 66560K, used 40550K [0x0000000084200000, 0x0000000100000000)
  region size 1024K, 18 young (18432K), 2 survivors (2048K)
 Metaspace       used 59229K, committed 59840K, reserved 1114112K
  class space    used 8268K, committed 8512K, reserved 1048576K
}
Event: 5.591 GC heap after
{Heap after GC invocations=13 (full 0):
 garbage-first heap   total 66560K, used 25641K [0x0000000084200000, 0x0000000100000000)
  region size 1024K, 3 young (3072K), 3 survivors (3072K)
 Metaspace       used 59229K, committed 59840K, reserved 1114112K
  class space    used 8268K, committed 8512K, reserved 1048576K
}
Event: 6.185 GC heap before
{Heap before GC invocations=14 (full 0):
 garbage-first heap   total 66560K, used 58409K [0x0000000084200000, 0x0000000100000000)
  region size 1024K, 35 young (35840K), 3 survivors (3072K)
 Metaspace       used 63649K, committed 64384K, reserved 1114112K
  class space    used 8896K, committed 9216K, reserved 1048576K
}
Event: 6.196 GC heap after
{Heap after GC invocations=15 (full 0):
 garbage-first heap   total 66560K, used 28872K [0x0000000084200000, 0x0000000100000000)
  region size 1024K, 5 young (5120K), 5 survivors (5120K)
 Metaspace       used 63649K, committed 64384K, reserved 1114112K
  class space    used 8896K, committed 9216K, reserved 1048576K
}
Event: 6.615 GC heap before
{Heap before GC invocations=15 (full 0):
 garbage-first heap   total 66560K, used 56520K [0x0000000084200000, 0x0000000100000000)
  region size 1024K, 32 young (32768K), 5 survivors (5120K)
 Metaspace       used 66869K, committed 67648K, reserved 1114112K
  class space    used 9372K, committed 9728K, reserved 1048576K
}

