# JRE version: OpenJDK Runtime Environment (20.0.1+9) (build 20.0.1+9-29)
# Java VM: OpenJDK 64-Bit Server VM (20.0.1+9-29, mixed mode, emulated-client, sharing, tiered, compressed oops, compressed class ptrs, g1 gc, windows-amd64)
GC Precious Log:
 CardTable entry size: 512
 Card Set container configuration: InlinePtr #cards 5 size 8 Array Of Cards #cards 12 size 40 Howl #buckets 4 coarsen threshold 1843 Howl Bitmap #cards 512 size 80 coarsen threshold 460 Card regions per heap region 1 cards per card region 2048
 CPUs: 4 total, 4 available
 Memory: 7926M
 Large Page Support: Disabled
 NUMA Support: Disabled
 Compressed Oops: Enabled (32-bit)
 Heap Region Size: 1M
 Heap Min Capacity: 8M
 Heap Initial Capacity: 124M
 Heap Max Capacity: 1982M
 Pre-touch: Disabled
 Parallel Workers: 4
 Concurrent Workers: 1
 Concurrent Refinement Workers: 4
 Periodic GC: Disabled
Heap:
 garbage-first heap   total 67584K, used 31461K [0x0000000084200000, 0x0000000100000000)
  region size 1024K, 4 young (4096K), 4 survivors (4096K)
 Metaspace       used 67015K, committed 67776K, reserved 1114112K
  class space    used 9403K, committed 9728K, reserved 1048576K
GC Heap History (20 events):
Event: 2.432 GC heap after
{Heap after GC invocations=3 (full 0):
 garbage-first heap   total 126976K, used 9980K [0x0000000084200000, 0x0000000100000000)
  region size 1024K, 4 young (4096K), 4 survivors (4096K)
 Metaspace       used 14123K, committed 14464K, reserved 1114112K
  class space    used 1842K, committed 1984K, reserved 1048576K
}
Event: 3.294 GC heap before
{Heap before GC invocations=3 (full 0):
 garbage-first heap   total 126976K, used 52988K [0x0000000084200000, 0x0000000100000000)
  region size 1024K, 48 young (49152K), 4 survivors (4096K)
 Metaspace       used 20865K, committed 21312K, reserved 1114112K
  class space    used 2748K, committed 2944K, reserved 1048576K
}
Event: 3.316 GC heap after
{Heap after GC invocations=4 (full 0):
 garbage-first heap   total 126976K, used 14234K [0x0000000084200000, 0x0000000100000000)
  region size 1024K, 8 young (8192K), 8 survivors (8192K)
 Metaspace       used 20865K, committed 21312K, reserved 1114112K
  class space    used 2748K, committed 2944K, reserved 1048576K
}
Event: 3.799 GC heap before
{Heap before GC invocations=5 (full 0):
 garbage-first heap   total 55296K, used 38810K [0x0000000084200000, 0x0000000100000000)
  region size 1024K, 32 young (32768K), 8 survivors (8192K)
 Metaspace       used 23741K, committed 24128K, reserved 1114112K
  class space    used 3183K, committed 3328K, reserved 1048576K
}
Event: 3.814 GC heap after
{Heap after GC invocations=6 (full 0):
 garbage-first heap   total 55296K, used 15332K [0x0000000084200000, 0x0000000100000000)
  region size 1024K, 2 young (2048K), 2 survivors (2048K)
 Metaspace       used 23741K, committed 24128K, reserved 1114112K
  class space    used 3183K, committed 3328K, reserved 1048576K
}
Event: 4.432 GC heap before
{Heap before GC invocations=6 (full 0):
 garbage-first heap   total 55296K, used 42980K [0x0000000084200000, 0x0000000100000000)
  region size 1024K, 29 young (29696K), 2 survivors (2048K)
 Metaspace       used 28099K, committed 28672K, reserved 1114112K
  class space    used 3848K, committed 4096K, reserved 1048576K
}
Event: 4.441 GC heap after
{Heap after GC invocations=7 (full 0):
 garbage-first heap   total 55296K, used 17761K [0x0000000084200000, 0x0000000100000000)
  region size 1024K, 4 young (4096K), 4 survivors (4096K)
 Metaspace       used 28099K, committed 28672K, reserved 1114112K
  class space    used 3848K, committed 4096K, reserved 1048576K
}
Event: 4.914 GC heap before
{Heap before GC invocations=7 (full 0):
 garbage-first heap   total 55296K, used 43361K [0x0000000084200000, 0x0000000100000000)
  region size 1024K, 30 young (30720K), 4 survivors (4096K)
 Metaspace       used 32259K, committed 32896K, reserved 1114112K
  class space    used 4400K, committed 4672K, reserved 1048576K
}
Event: 4.926 GC heap after
{Heap after GC invocations=8 (full 0):
 garbage-first heap   total 66560K, used 19788K [0x0000000084200000, 0x0000000100000000)
  region size 1024K, 2 young (2048K), 2 survivors (2048K)
 Metaspace       used 32259K, committed 32896K, reserved 1114112K
  class space    used 4400K, committed 4672K, reserved 1048576K
}
Event: 5.134 GC heap before
{Heap before GC invocations=8 (full 0):
 garbage-first heap   total 66560K, used 27980K [0x0000000084200000, 0x0000000100000000)
  region size 1024K, 12 young (12288K), 2 survivors (2048K)
 Metaspace       used 34896K, committed 35520K, reserved 1114112K
  class space    used 4799K, committed 5120K, reserved 1048576K
}
Event: 5.138 GC heap after
{Heap after GC invocations=9 (full 0):
 garbage-first heap   total 66560K, used 20175K [0x0000000084200000, 0x0000000100000000)
  region size 1024K, 3 young (3072K), 3 survivors (3072K)
 Metaspace       used 34896K, committed 35520K, reserved 1114112K
  class space    used 4799K, committed 5120K, reserved 1048576K
}
Event: 6.010 GC heap before
{Heap before GC invocations=10 (full 0):
 garbage-first heap   total 66560K, used 54991K [0x0000000084200000, 0x0000000100000000)
  region size 1024K, 38 young (38912K), 3 survivors (3072K)
 Metaspace       used 47141K, committed 47680K, reserved 1114112K
  class space    used 6430K, committed 6656K, reserved 1048576K
}
Event: 6.020 GC heap after
{Heap after GC invocations=11 (full 0):
 garbage-first heap   total 66560K, used 23140K [0x0000000084200000, 0x0000000100000000)
  region size 1024K, 5 young (5120K), 5 survivors (5120K)
 Metaspace       used 47141K, committed 47680K, reserved 1114112K
  class space    used 6430K, committed 6656K, reserved 1048576K
}
Event: 6.713 GC heap before
{Heap before GC invocations=11 (full 0):
 garbage-first heap   total 66560K, used 55908K [0x0000000084200000, 0x0000000100000000)
  region size 1024K, 38 young (38912K), 5 survivors (5120K)
 Metaspace       used 55646K, committed 56256K, reserved 1114112K
  class space    used 7729K, committed 8000K, reserved 1048576K
}
Event: 6.726 GC heap after
{Heap after GC invocations=12 (full 0):
 garbage-first heap   total 66560K, used 24966K [0x0000000084200000, 0x0000000100000000)
  region size 1024K, 3 young (3072K), 3 survivors (3072K)
 Metaspace       used 55646K, committed 56256K, reserved 1114112K
  class space    used 7729K, committed 8000K, reserved 1048576K
}
Event: 7.025 GC heap before
{Heap before GC invocations=12 (full 0):
 garbage-first heap   total 66560K, used 41350K [0x0000000084200000, 0x0000000100000000)
  region size 1024K, 20 young (20480K), 3 survivors (3072K)
 Metaspace       used 59166K, committed 59776K, reserved 1114112K
  class space    used 8274K, committed 8512K, reserved 1048576K
}
Event: 7.030 GC heap after
{Heap after GC invocations=13 (full 0):
 garbage-first heap   total 66560K, used 25455K [0x0000000084200000, 0x0000000100000000)
  region size 1024K, 3 young (3072K), 3 survivors (3072K)
 Metaspace       used 59166K, committed 59776K, reserved 1114112K
  class space    used 8274K, committed 8512K, reserved 1048576K
}
Event: 7.724 GC heap before
{Heap before GC invocations=14 (full 0):
 garbage-first heap   total 66560K, used 58223K [0x0000000084200000, 0x0000000100000000)
  region size 1024K, 35 young (35840K), 3 survivors (3072K)
 Metaspace       used 63643K, committed 64384K, reserved 1114112K
  class space    used 8911K, committed 9280K, reserved 1048576K
}
Event: 7.736 GC heap after
{Heap after GC invocations=15 (full 0):
 garbage-first heap   total 66560K, used 28447K [0x0000000084200000, 0x0000000100000000)
  region size 1024K, 5 young (5120K), 5 survivors (5120K)
 Metaspace       used 63643K, committed 64384K, reserved 1114112K
  class space    used 8911K, committed 9280K, reserved 1048576K
}
Event: 8.221 GC heap before
{Heap before GC invocations=15 (full 0):
 garbage-first heap   total 66560K, used 57119K [0x0000000084200000, 0x0000000100000000)
  region size 1024K, 33 young (33792K), 5 survivors (5120K)
 Metaspace       used 67015K, committed 67776K, reserved 1114112K
  class space    used 9403K, committed 9728K, reserved 1048576K
}

